<?xml version="1.0" encoding="UTF-8"?>
<!-- Generated by org.testng.reporters.JUnitXMLReporter -->
<testsuite ignored="2" hostname="User" failures="0" tests="2" name="RegressionTest" time="15.225" errors="0" timestamp="2020-10-20T23:01:12 EDT">
  <testcase classname="testNGConcept.BasicScript" name="getLangdingUrl" time="0.042"/>
  <testcase classname="testNGConcept.BasicScript" name="getSignOnPageTitle" time="1.49"/>
  <testcase classname="testNGConcept.BasicScript" name="getHomePageTitle" time="0.0">
    <ignored/>
  </testcase> <!-- getHomePageTitle -->
  <testcase classname="testNGConcept.BasicScript" name="getRegisterPageTitle" time="0.0">
    <ignored/>
  </testcase> <!-- getRegisterPageTitle -->
</testsuite> <!-- RegressionTest -->
