<?xml version="1.0" encoding="UTF-8"?>
<!-- Generated by org.testng.reporters.JUnitXMLReporter -->
<testsuite ignored="0" hostname="User" failures="0" tests="6" name="AllTestinMultipleClass" time="30.864" errors="0" timestamp="2020-10-20T22:43:40 EDT">
  <testcase classname="testNGConcept.BasicScript" name="getHomePageTitle" time="2.626"/>
  <testcase classname="testNGConcept.BasicScript" name="getLangdingUrl" time="0.05"/>
  <testcase classname="testNGConcept.BasicScript2" name="getSupportPageTitle" time="3.699"/>
  <testcase classname="testNGConcept.BasicScript" name="getSignOnPageTitle" time="1.241"/>
  <testcase classname="testNGConcept.BasicScript2" name="getContactPageTitle" time="1.744"/>
  <testcase classname="testNGConcept.BasicScript" name="getRegisterPageTitle" time="1.574"/>
</testsuite> <!-- AllTestinMultipleClass -->
