<?xml version="1.0" encoding="UTF-8"?>
<!-- Generated by org.testng.reporters.JUnitXMLReporter -->
<testsuite ignored="2" hostname="User" failures="0" tests="2" name="AllTest" time="11.14" errors="0" timestamp="2020-10-20T22:46:57 EDT">
  <testcase classname="testNGConcept.BasicScript" name="getHomePageTitle" time="0.031"/>
  <testcase classname="testNGConcept.BasicScript" name="getLangdingUrl" time="0.053"/>
  <testcase classname="testNGConcept.BasicScript" name="getRegisterPageTitle" time="0.0">
    <ignored/>
  </testcase> <!-- getRegisterPageTitle -->
  <testcase classname="testNGConcept.BasicScript" name="getSignOnPageTitle" time="0.0">
    <ignored/>
  </testcase> <!-- getSignOnPageTitle -->
</testsuite> <!-- AllTest -->
