<?xml version="1.0" encoding="UTF-8"?>
<testng-results ignored="0" total="2" passed="2" failed="0" skipped="0">
  <reporter-output>
  </reporter-output>
  <suite started-at="2020-10-22T12:14:20 EDT" name="Default suite" finished-at="2020-10-22T12:14:35 EDT" duration-ms="15043">
    <groups>
      <group name="Regression">
        <method signature="BasicScript2.getContactPageTitle()[pri:1, instance:testNGConcept.BasicScript2@7fc2413d]" name="getContactPageTitle" class="testNGConcept.BasicScript2"/>
      </group> <!-- Regression -->
      <group name="Smoke">
        <method signature="BasicScript2.getContactPageTitle()[pri:1, instance:testNGConcept.BasicScript2@7fc2413d]" name="getContactPageTitle" class="testNGConcept.BasicScript2"/>
        <method signature="BasicScript2.getSupportPageTitle()[pri:0, instance:testNGConcept.BasicScript2@7fc2413d]" name="getSupportPageTitle" class="testNGConcept.BasicScript2"/>
      </group> <!-- Smoke -->
    </groups>
    <test started-at="2020-10-22T12:14:20 EDT" name="Default test" finished-at="2020-10-22T12:14:35 EDT" duration-ms="15043">
      <class name="testNGConcept.BasicScript2">
        <test-method is-config="true" signature="initialization()[pri:0, instance:testNGConcept.BasicScript2@7fc2413d]" started-at="2020-10-22T12:14:20 EDT" name="initialization" finished-at="2020-10-22T12:14:31 EDT" duration-ms="10914" status="PASS">
          <reporter-output>
          </reporter-output>
        </test-method> <!-- initialization -->
        <test-method signature="getSupportPageTitle()[pri:0, instance:testNGConcept.BasicScript2@7fc2413d]" started-at="2020-10-22T12:14:31 EDT" name="getSupportPageTitle" finished-at="2020-10-22T12:14:34 EDT" duration-ms="2811" status="PASS">
          <reporter-output>
          </reporter-output>
        </test-method> <!-- getSupportPageTitle -->
        <test-method signature="getContactPageTitle()[pri:1, instance:testNGConcept.BasicScript2@7fc2413d]" started-at="2020-10-22T12:14:34 EDT" name="getContactPageTitle" finished-at="2020-10-22T12:14:34 EDT" duration-ms="637" status="PASS">
          <reporter-output>
          </reporter-output>
        </test-method> <!-- getContactPageTitle -->
        <test-method is-config="true" signature="tearDown()[pri:0, instance:testNGConcept.BasicScript2@7fc2413d]" started-at="2020-10-22T12:14:34 EDT" name="tearDown" finished-at="2020-10-22T12:14:35 EDT" duration-ms="600" status="PASS">
          <reporter-output>
          </reporter-output>
        </test-method> <!-- tearDown -->
      </class> <!-- testNGConcept.BasicScript2 -->
    </test> <!-- Default test -->
  </suite> <!-- Default suite -->
</testng-results>
