<?xml version="1.0" encoding="UTF-8"?>
<!-- Generated by org.testng.reporters.JUnitXMLReporter -->
<testsuite ignored="0" hostname="User" failures="0" tests="6" name="SmokeTest" time="38.58" errors="0" timestamp="2020-10-20T22:57:35 EDT">
  <testcase classname="testNGConcept.BasicScript" name="getHomePageTitle" time="1.532"/>
  <testcase classname="testNGConcept.BasicScript" name="getLangdingUrl" time="0.086"/>
  <testcase classname="testNGConcept.BasicScript2" name="getSupportPageTitle" time="1.696"/>
  <testcase classname="testNGConcept.BasicScript2" name="getContactPageTitle" time="1.568"/>
  <testcase classname="testNGConcept.BasicScript" name="getSignOnPageTitle" time="2.129"/>
  <testcase classname="testNGConcept.BasicScript" name="getRegisterPageTitle" time="2.333"/>
</testsuite> <!-- SmokeTest -->
